2026-04-06 10:50:11.962 +03:00 [INF] Application started. Press Ctrl+C to shut down.
2026-04-06 10:50:11.964 +03:00 [INF] Hosting environment: Production
2026-04-06 10:50:11.964 +03:00 [INF] Content root path: /Users/petrpetuhov/Dev/Code/shitposter/listener/listener.API
2026-04-06 10:53:05.807 +03:00 [INF] Application is shutting down...
2026-04-06 11:56:55.077 +03:00 [ERR] Hosting failed to start
StackExchange.Redis.RedisConnectionException: It was not possible to connect to the redis server(s). Error connecting right now. To allow this multiplexer to continue retrying until it's able to connect, use abortConnect=false in your connection string or AbortOnConnectFail=false; in your code.
   at StackExchange.Redis.ConnectionMultiplexer.ConnectImpl(ConfigurationOptions configuration, TextWriter writer, Nullable`1 serverType, EndPointCollection endpoints) in /_/src/StackExchange.Redis/ConnectionMultiplexer.cs:line 691
   at StackExchange.Redis.ConnectionMultiplexer.Connect(ConfigurationOptions configuration, TextWriter log) in /_/src/StackExchange.Redis/ConnectionMultiplexer.cs:line 663
   at StackExchange.Redis.ConnectionMultiplexer.Connect(String configuration, TextWriter log) in /_/src/StackExchange.Redis/ConnectionMultiplexer.cs:line 641
   at listener.Infrastructure.ConfigureServices.<>c__DisplayClass0_0.<AddInfrastructureServices>b__0(IServiceProvider sp) in /Users/petrpetuhov/Dev/Code/shitposter/listener/listener.Infrastructure/ConfigureServices.cs:line 21
   at Microsoft.Extensions.DependencyInjection.ServiceLookup.CallSiteRuntimeResolver.VisitRootCache(ServiceCallSite callSite, RuntimeResolverContext context)
   at Microsoft.Extensions.DependencyInjection.ServiceLookup.CallSiteRuntimeResolver.VisitConstructor(ConstructorCallSite constructorCallSite, RuntimeResolverContext context)
   at Microsoft.Extensions.DependencyInjection.ServiceLookup.CallSiteRuntimeResolver.VisitRootCache(ServiceCallSite callSite, RuntimeResolverContext context)
   at Microsoft.Extensions.DependencyInjection.ServiceLookup.CallSiteRuntimeResolver.VisitConstructor(ConstructorCallSite constructorCallSite, RuntimeResolverContext context)
   at Microsoft.Extensions.DependencyInjection.ServiceLookup.CallSiteRuntimeResolver.VisitRootCache(ServiceCallSite callSite, RuntimeResolverContext context)
   at Microsoft.Extensions.DependencyInjection.ServiceLookup.CallSiteRuntimeResolver.VisitConstructor(ConstructorCallSite constructorCallSite, RuntimeResolverContext context)
   at Microsoft.Extensions.DependencyInjection.ServiceLookup.CallSiteRuntimeResolver.VisitRootCache(ServiceCallSite callSite, RuntimeResolverContext context)
   at Microsoft.Extensions.DependencyInjection.ServiceLookup.CallSiteRuntimeResolver.VisitIEnumerable(IEnumerableCallSite enumerableCallSite, RuntimeResolverContext context)
   at Microsoft.Extensions.DependencyInjection.ServiceLookup.CallSiteRuntimeResolver.VisitRootCache(ServiceCallSite callSite, RuntimeResolverContext context)
   at Microsoft.Extensions.DependencyInjection.ServiceProvider.CreateServiceAccessor(ServiceIdentifier serviceIdentifier)
   at System.Collections.Concurrent.ConcurrentDictionary`2.GetOrAdd(TKey key, Func`2 valueFactory)
   at Microsoft.Extensions.DependencyInjection.ServiceProvider.GetService(ServiceIdentifier serviceIdentifier, ServiceProviderEngineScope serviceProviderEngineScope)
   at Microsoft.Extensions.DependencyInjection.ServiceProviderServiceExtensions.GetRequiredService(IServiceProvider provider, Type serviceType)
   at Microsoft.Extensions.DependencyInjection.ServiceProviderServiceExtensions.GetRequiredService[T](IServiceProvider provider)
   at Microsoft.Extensions.Hosting.Internal.Host.StartAsync(CancellationToken cancellationToken)
